NOTE: Picked up JDK_JAVA_OPTIONS:  --add-opens=java.base/java.lang=ALL-UNNAMED --add-opens=java.base/java.io=ALL-UNNAMED --add-opens=java.base/java.util=ALL-UNNAMED --add-opens=java.base/java.util.concurrent=ALL-UNNAMED --add-opens=java.rmi/sun.rmi.transport=ALL-UNNAMED
13-Apr-2024 10:09:52.334 INFO [main] org.apache.catalina.startup.VersionLoggerListener.log ì„œë²„ ë²„ì „ ì´ë¦„:    Apache Tomcat/9.0.87
13-Apr-2024 10:09:52.336 INFO [main] org.apache.catalina.startup.VersionLoggerListener.log Server ë¹Œë“œ ì‹œê°:  Mar 11 2024 10:12:34 UTC
13-Apr-2024 10:09:52.336 INFO [main] org.apache.catalina.startup.VersionLoggerListener.log Server ë²„ì „ ë²ˆí˜¸:  9.0.87.0
13-Apr-2024 10:09:52.337 INFO [main] org.apache.catalina.startup.VersionLoggerListener.log ìš´ì˜ì²´ì œ ì´ë¦„:     Windows 11
13-Apr-2024 10:09:52.338 INFO [main] org.apache.catalina.startup.VersionLoggerListener.log ìš´ì˜ì²´ì œ ë²„ì „:     10.0
13-Apr-2024 10:09:52.338 INFO [main] org.apache.catalina.startup.VersionLoggerListener.log ì•„í‚¤í…ì²˜:          amd64
13-Apr-2024 10:09:52.338 INFO [main] org.apache.catalina.startup.VersionLoggerListener.log ìë°” í™ˆ:           C:\Program Files\Java\jdk-11
13-Apr-2024 10:09:52.338 INFO [main] org.apache.catalina.startup.VersionLoggerListener.log JVM ë²„ì „:          11.0.19+9-LTS-224
13-Apr-2024 10:09:52.338 INFO [main] org.apache.catalina.startup.VersionLoggerListener.log JVM ë²¤ë”:          Oracle Corporation
13-Apr-2024 10:09:52.338 INFO [main] org.apache.catalina.startup.VersionLoggerListener.log CATALINA_BASE:     C:\Users\LeeGeonHee\Desktop\KW univ\4-1 ì„œë²„í”„ë¡œê·¸ë¨ì„¤ê³„\tomcat\apache-tomcat-9.0.87
13-Apr-2024 10:09:52.338 INFO [main] org.apache.catalina.startup.VersionLoggerListener.log CATALINA_HOME:     C:\Users\LeeGeonHee\Desktop\KW univ\4-1 ì„œë²„í”„ë¡œê·¸ë¨ì„¤ê³„\tomcat\apache-tomcat-9.0.87
13-Apr-2024 10:09:52.349 INFO [main] org.apache.catalina.startup.VersionLoggerListener.log ëª…ë ¹ í–‰ ì•„ê·œë¨¼íŠ¸:  --add-opens=java.base/java.lang=ALL-UNNAMED
13-Apr-2024 10:09:52.349 INFO [main] org.apache.catalina.startup.VersionLoggerListener.log ëª…ë ¹ í–‰ ì•„ê·œë¨¼íŠ¸:  --add-opens=java.base/java.io=ALL-UNNAMED
13-Apr-2024 10:09:52.349 INFO [main] org.apache.catalina.startup.VersionLoggerListener.log ëª…ë ¹ í–‰ ì•„ê·œë¨¼íŠ¸:  --add-opens=java.base/java.util=ALL-UNNAMED
13-Apr-2024 10:09:52.349 INFO [main] org.apache.catalina.startup.VersionLoggerListener.log ëª…ë ¹ í–‰ ì•„ê·œë¨¼íŠ¸:  --add-opens=java.base/java.util.concurrent=ALL-UNNAMED
13-Apr-2024 10:09:52.349 INFO [main] org.apache.catalina.startup.VersionLoggerListener.log ëª…ë ¹ í–‰ ì•„ê·œë¨¼íŠ¸:  --add-opens=java.rmi/sun.rmi.transport=ALL-UNNAMED
13-Apr-2024 10:09:52.349 INFO [main] org.apache.catalina.startup.VersionLoggerListener.log ëª…ë ¹ í–‰ ì•„ê·œë¨¼íŠ¸:  -Djava.util.logging.config.file=C:/Users/LeeGeonHee/Desktop/KW univ/4-1 ì„œë²„í”„ë¡œê·¸ë¨ì„¤ê³„/tomcat/apache-tomcat-9.0.87/conf/logging.properties
13-Apr-2024 10:09:52.349 INFO [main] org.apache.catalina.startup.VersionLoggerListener.log ëª…ë ¹ í–‰ ì•„ê·œë¨¼íŠ¸:  -Djava.util.logging.manager=org.apache.juli.ClassLoaderLogManager
13-Apr-2024 10:09:52.349 INFO [main] org.apache.catalina.startup.VersionLoggerListener.log ëª…ë ¹ í–‰ ì•„ê·œë¨¼íŠ¸:  -Djdk.tls.ephemeralDHKeySize=2048
13-Apr-2024 10:09:52.349 INFO [main] org.apache.catalina.startup.VersionLoggerListener.log ëª…ë ¹ í–‰ ì•„ê·œë¨¼íŠ¸:  -Djava.protocol.handler.pkgs=org.apache.catalina.webresources
13-Apr-2024 10:09:52.350 INFO [main] org.apache.catalina.startup.VersionLoggerListener.log ëª…ë ¹ í–‰ ì•„ê·œë¨¼íŠ¸:  -Dorg.apache.catalina.security.SecurityListener.UMASK=0027
13-Apr-2024 10:09:52.350 INFO [main] org.apache.catalina.startup.VersionLoggerListener.log ëª…ë ¹ í–‰ ì•„ê·œë¨¼íŠ¸:  -Dignore.endorsed.dirs=
13-Apr-2024 10:09:52.350 INFO [main] org.apache.catalina.startup.VersionLoggerListener.log ëª…ë ¹ í–‰ ì•„ê·œë¨¼íŠ¸:  -Dcatalina.base=C:/Users/LeeGeonHee/Desktop/KW univ/4-1 ì„œë²„í”„ë¡œê·¸ë¨ì„¤ê³„/tomcat/apache-tomcat-9.0.87
13-Apr-2024 10:09:52.350 INFO [main] org.apache.catalina.startup.VersionLoggerListener.log ëª…ë ¹ í–‰ ì•„ê·œë¨¼íŠ¸:  -Dcatalina.home=C:/Users/LeeGeonHee/Desktop/KW univ/4-1 ì„œë²„í”„ë¡œê·¸ë¨ì„¤ê³„/tomcat/apache-tomcat-9.0.87
13-Apr-2024 10:09:52.350 INFO [main] org.apache.catalina.startup.VersionLoggerListener.log ëª…ë ¹ í–‰ ì•„ê·œë¨¼íŠ¸:  -Djava.io.tmpdir=C:/Users/LeeGeonHee/Desktop/KW univ/4-1 ì„œë²„í”„ë¡œê·¸ë¨ì„¤ê³„/tomcat/apache-tomcat-9.0.87/temp
13-Apr-2024 10:09:52.353 INFO [main] org.apache.catalina.core.AprLifecycleListener.lifecycleEvent APR ë²„ì „ [1.7.4]ì„(ë¥¼) ì‚¬ìš©í•œ, APR ê¸°ë°˜ Apache Tomcat Native ë¼ì´ë¸ŒëŸ¬ë¦¬ [1.3.0]ì„(ë¥¼) ë¡œë“œí–ˆìŠµë‹ˆë‹¤.
13-Apr-2024 10:09:52.353 INFO [main] org.apache.catalina.core.AprLifecycleListener.lifecycleEvent APR ìš©ëŸ‰ì •ë³´ë“¤: IPv6 [true], sendfile [true], accept filters [false], random [true], UDS [true].
13-Apr-2024 10:09:52.353 INFO [main] org.apache.catalina.core.AprLifecycleListener.lifecycleEvent APR/OpenSSL ì„¤ì •: useAprConnector [false], useOpenSSL [true]
13-Apr-2024 10:09:52.358 INFO [main] org.apache.catalina.core.AprLifecycleListener.initializeSSL OpenSSLì´ ì„±ê³µì ìœ¼ë¡œ ì´ˆê¸°í™”ë˜ì—ˆìŠµë‹ˆë‹¤: [OpenSSL 3.0.13 30 Jan 2024]
13-Apr-2024 10:09:52.614 INFO [main] org.apache.coyote.AbstractProtocol.init í”„ë¡œí† ì½œ í•¸ë“¤ëŸ¬ ["http-nio-8080"]ì„(ë¥¼) ì´ˆê¸°í™”í•©ë‹ˆë‹¤.
13-Apr-2024 10:09:52.633 INFO [main] org.apache.catalina.startup.Catalina.load [509] ë°€ë¦¬ì´ˆ ë‚´ì— ì„œë²„ê°€ ì´ˆê¸°í™”ë˜ì—ˆìŠµë‹ˆë‹¤.
13-Apr-2024 10:09:52.682 INFO [main] org.apache.catalina.core.StandardService.startInternal ì„œë¹„ìŠ¤ [Catalina]ì„(ë¥¼) ì‹œì‘í•©ë‹ˆë‹¤.
13-Apr-2024 10:09:52.683 INFO [main] org.apache.catalina.core.StandardEngine.startInternal ì„œë²„ ì—”ì§„ì„ ì‹œì‘í•©ë‹ˆë‹¤: [Apache Tomcat/9.0.87]
13-Apr-2024 10:09:52.689 INFO [main] org.apache.catalina.startup.HostConfig.deployDirectory ì›¹ ì• í”Œë¦¬ì¼€ì´ì…˜ ë””ë ‰í† ë¦¬ [C:\Users\LeeGeonHee\Desktop\KW univ\4-1 ì„œë²„í”„ë¡œê·¸ë¨ì„¤ê³„\tomcat\apache-tomcat-9.0.87\webapps\docs]ì„(ë¥¼) ë°°ì¹˜í•©ë‹ˆë‹¤.
13-Apr-2024 10:09:53.422 INFO [main] org.apache.jasper.servlet.TldScanner.scanJars ì ì–´ë„ í•˜ë‚˜ì˜ JARê°€ TLDë“¤ì„ ì°¾ê¸° ìœ„í•´ ìŠ¤ìº”ë˜ì—ˆìœ¼ë‚˜ ì•„ë¬´ ê²ƒë„ ì°¾ì§€ ëª»í–ˆìŠµë‹ˆë‹¤. ìŠ¤ìº”í–ˆìœ¼ë‚˜ TLDê°€ ì—†ëŠ” JARë“¤ì˜ ì „ì²´ ëª©ë¡ì„ ë³´ì‹œë ¤ë©´, ë¡œê·¸ ë ˆë²¨ì„ ë””ë²„ê·¸ ë ˆë²¨ë¡œ ì„¤ì •í•˜ì‹­ì‹œì˜¤. ìŠ¤ìº” ê³¼ì •ì—ì„œ ë¶ˆí•„ìš”í•œ JARë“¤ì„ ê±´ë„ˆë›°ë©´, ì‹œìŠ¤í…œ ì‹œì‘ ì‹œê°„ê³¼ JSP ì»´íŒŒì¼ ì‹œê°„ì„ ë‹¨ì¶•ì‹œí‚¬ ìˆ˜ ìˆìŠµë‹ˆë‹¤.
13-Apr-2024 10:09:53.617 WARNING [main] org.apache.catalina.util.SessionIdGeneratorBase.createSecureRandom [SHA1PRNG] ì•Œê³ ë¦¬ì¦˜ì„ ì‚¬ìš©í•˜ì—¬, ì„¸ì…˜ IDë¥¼ ìƒì„±í•˜ê¸° ìœ„í•œ SecureRandom ê°ì²´ë¥¼ ìƒì„±í•˜ëŠ”ë°, [173] ë°€ë¦¬ì´ˆê°€ ì†Œìš”ëìŠµë‹ˆë‹¤.
13-Apr-2024 10:09:53.645 INFO [main] org.apache.catalina.startup.HostConfig.deployDirectory ì›¹ ì• í”Œë¦¬ì¼€ì´ì…˜ ë””ë ‰í† ë¦¬ [C:\Users\LeeGeonHee\Desktop\KW univ\4-1 ì„œë²„í”„ë¡œê·¸ë¨ì„¤ê³„\tomcat\apache-tomcat-9.0.87\webapps\docs]ì— ëŒ€í•œ ë°°ì¹˜ê°€ [956] ë°€ë¦¬ì´ˆì— ì™„ë£Œë˜ì—ˆìŠµë‹ˆë‹¤.
13-Apr-2024 10:09:53.646 INFO [main] org.apache.catalina.startup.HostConfig.deployDirectory ì›¹ ì• í”Œë¦¬ì¼€ì´ì…˜ ë””ë ‰í† ë¦¬ [C:\Users\LeeGeonHee\Desktop\KW univ\4-1 ì„œë²„í”„ë¡œê·¸ë¨ì„¤ê³„\tomcat\apache-tomcat-9.0.87\webapps\examples]ì„(ë¥¼) ë°°ì¹˜í•©ë‹ˆë‹¤.
13-Apr-2024 10:09:54.420 INFO [main] org.apache.jasper.servlet.TldScanner.scanJars ì ì–´ë„ í•˜ë‚˜ì˜ JARê°€ TLDë“¤ì„ ì°¾ê¸° ìœ„í•´ ìŠ¤ìº”ë˜ì—ˆìœ¼ë‚˜ ì•„ë¬´ ê²ƒë„ ì°¾ì§€ ëª»í–ˆìŠµë‹ˆë‹¤. ìŠ¤ìº”í–ˆìœ¼ë‚˜ TLDê°€ ì—†ëŠ” JARë“¤ì˜ ì „ì²´ ëª©ë¡ì„ ë³´ì‹œë ¤ë©´, ë¡œê·¸ ë ˆë²¨ì„ ë””ë²„ê·¸ ë ˆë²¨ë¡œ ì„¤ì •í•˜ì‹­ì‹œì˜¤. ìŠ¤ìº” ê³¼ì •ì—ì„œ ë¶ˆí•„ìš”í•œ JARë“¤ì„ ê±´ë„ˆë›°ë©´, ì‹œìŠ¤í…œ ì‹œì‘ ì‹œê°„ê³¼ JSP ì»´íŒŒì¼ ì‹œê°„ì„ ë‹¨ì¶•ì‹œí‚¬ ìˆ˜ ìˆìŠµë‹ˆë‹¤.
13-Apr-2024 10:09:54.467 INFO [main] org.apache.catalina.startup.HostConfig.deployDirectory ì›¹ ì• í”Œë¦¬ì¼€ì´ì…˜ ë””ë ‰í† ë¦¬ [C:\Users\LeeGeonHee\Desktop\KW univ\4-1 ì„œë²„í”„ë¡œê·¸ë¨ì„¤ê³„\tomcat\apache-tomcat-9.0.87\webapps\examples]ì— ëŒ€í•œ ë°°ì¹˜ê°€ [821] ë°€ë¦¬ì´ˆì— ì™„ë£Œë˜ì—ˆìŠµë‹ˆë‹¤.
13-Apr-2024 10:09:54.467 INFO [main] org.apache.catalina.startup.HostConfig.deployDirectory ì›¹ ì• í”Œë¦¬ì¼€ì´ì…˜ ë””ë ‰í† ë¦¬ [C:\Users\LeeGeonHee\Desktop\KW univ\4-1 ì„œë²„í”„ë¡œê·¸ë¨ì„¤ê³„\tomcat\apache-tomcat-9.0.87\webapps\host-manager]ì„(ë¥¼) ë°°ì¹˜í•©ë‹ˆë‹¤.
13-Apr-2024 10:09:54.873 INFO [main] org.apache.jasper.servlet.TldScanner.scanJars ì ì–´ë„ í•˜ë‚˜ì˜ JARê°€ TLDë“¤ì„ ì°¾ê¸° ìœ„í•´ ìŠ¤ìº”ë˜ì—ˆìœ¼ë‚˜ ì•„ë¬´ ê²ƒë„ ì°¾ì§€ ëª»í–ˆìŠµë‹ˆë‹¤. ìŠ¤ìº”í–ˆìœ¼ë‚˜ TLDê°€ ì—†ëŠ” JARë“¤ì˜ ì „ì²´ ëª©ë¡ì„ ë³´ì‹œë ¤ë©´, ë¡œê·¸ ë ˆë²¨ì„ ë””ë²„ê·¸ ë ˆë²¨ë¡œ ì„¤ì •í•˜ì‹­ì‹œì˜¤. ìŠ¤ìº” ê³¼ì •ì—ì„œ ë¶ˆí•„ìš”í•œ JARë“¤ì„ ê±´ë„ˆë›°ë©´, ì‹œìŠ¤í…œ ì‹œì‘ ì‹œê°„ê³¼ JSP ì»´íŒŒì¼ ì‹œê°„ì„ ë‹¨ì¶•ì‹œí‚¬ ìˆ˜ ìˆìŠµë‹ˆë‹¤.
13-Apr-2024 10:09:54.882 INFO [main] org.apache.catalina.startup.HostConfig.deployDirectory ì›¹ ì• í”Œë¦¬ì¼€ì´ì…˜ ë””ë ‰í† ë¦¬ [C:\Users\LeeGeonHee\Desktop\KW univ\4-1 ì„œë²„í”„ë¡œê·¸ë¨ì„¤ê³„\tomcat\apache-tomcat-9.0.87\webapps\host-manager]ì— ëŒ€í•œ ë°°ì¹˜ê°€ [415] ë°€ë¦¬ì´ˆì— ì™„ë£Œë˜ì—ˆìŠµë‹ˆë‹¤.
13-Apr-2024 10:09:54.883 INFO [main] org.apache.catalina.startup.HostConfig.deployDirectory ì›¹ ì• í”Œë¦¬ì¼€ì´ì…˜ ë””ë ‰í† ë¦¬ [C:\Users\LeeGeonHee\Desktop\KW univ\4-1 ì„œë²„í”„ë¡œê·¸ë¨ì„¤ê³„\tomcat\apache-tomcat-9.0.87\webapps\manager]ì„(ë¥¼) ë°°ì¹˜í•©ë‹ˆë‹¤.
13-Apr-2024 10:09:55.362 INFO [main] org.apache.jasper.servlet.TldScanner.scanJars ì ì–´ë„ í•˜ë‚˜ì˜ JARê°€ TLDë“¤ì„ ì°¾ê¸° ìœ„í•´ ìŠ¤ìº”ë˜ì—ˆìœ¼ë‚˜ ì•„ë¬´ ê²ƒë„ ì°¾ì§€ ëª»í–ˆìŠµë‹ˆë‹¤. ìŠ¤ìº”í–ˆìœ¼ë‚˜ TLDê°€ ì—†ëŠ” JARë“¤ì˜ ì „ì²´ ëª©ë¡ì„ ë³´ì‹œë ¤ë©´, ë¡œê·¸ ë ˆë²¨ì„ ë””ë²„ê·¸ ë ˆë²¨ë¡œ ì„¤ì •í•˜ì‹­ì‹œì˜¤. ìŠ¤ìº” ê³¼ì •ì—ì„œ ë¶ˆí•„ìš”í•œ JARë“¤ì„ ê±´ë„ˆë›°ë©´, ì‹œìŠ¤í…œ ì‹œì‘ ì‹œê°„ê³¼ JSP ì»´íŒŒì¼ ì‹œê°„ì„ ë‹¨ì¶•ì‹œí‚¬ ìˆ˜ ìˆìŠµë‹ˆë‹¤.
13-Apr-2024 10:09:55.368 INFO [main] org.apache.catalina.startup.HostConfig.deployDirectory ì›¹ ì• í”Œë¦¬ì¼€ì´ì…˜ ë””ë ‰í† ë¦¬ [C:\Users\LeeGeonHee\Desktop\KW univ\4-1 ì„œë²„í”„ë¡œê·¸ë¨ì„¤ê³„\tomcat\apache-tomcat-9.0.87\webapps\manager]ì— ëŒ€í•œ ë°°ì¹˜ê°€ [485] ë°€ë¦¬ì´ˆì— ì™„ë£Œë˜ì—ˆìŠµë‹ˆë‹¤.
13-Apr-2024 10:09:55.369 INFO [main] org.apache.catalina.startup.HostConfig.deployDirectory ì›¹ ì• í”Œë¦¬ì¼€ì´ì…˜ ë””ë ‰í† ë¦¬ [C:\Users\LeeGeonHee\Desktop\KW univ\4-1 ì„œë²„í”„ë¡œê·¸ë¨ì„¤ê³„\tomcat\apache-tomcat-9.0.87\webapps\ROOT]ì„(ë¥¼) ë°°ì¹˜í•©ë‹ˆë‹¤.
13-Apr-2024 10:09:55.738 INFO [main] org.apache.jasper.servlet.TldScanner.scanJars ì ì–´ë„ í•˜ë‚˜ì˜ JARê°€ TLDë“¤ì„ ì°¾ê¸° ìœ„í•´ ìŠ¤ìº”ë˜ì—ˆìœ¼ë‚˜ ì•„ë¬´ ê²ƒë„ ì°¾ì§€ ëª»í–ˆìŠµë‹ˆë‹¤. ìŠ¤ìº”í–ˆìœ¼ë‚˜ TLDê°€ ì—†ëŠ” JARë“¤ì˜ ì „ì²´ ëª©ë¡ì„ ë³´ì‹œë ¤ë©´, ë¡œê·¸ ë ˆë²¨ì„ ë””ë²„ê·¸ ë ˆë²¨ë¡œ ì„¤ì •í•˜ì‹­ì‹œì˜¤. ìŠ¤ìº” ê³¼ì •ì—ì„œ ë¶ˆí•„ìš”í•œ JARë“¤ì„ ê±´ë„ˆë›°ë©´, ì‹œìŠ¤í…œ ì‹œì‘ ì‹œê°„ê³¼ JSP ì»´íŒŒì¼ ì‹œê°„ì„ ë‹¨ì¶•ì‹œí‚¬ ìˆ˜ ìˆìŠµë‹ˆë‹¤.
13-Apr-2024 10:09:55.740 INFO [main] org.apache.catalina.startup.HostConfig.deployDirectory ì›¹ ì• í”Œë¦¬ì¼€ì´ì…˜ ë””ë ‰í† ë¦¬ [C:\Users\LeeGeonHee\Desktop\KW univ\4-1 ì„œë²„í”„ë¡œê·¸ë¨ì„¤ê³„\tomcat\apache-tomcat-9.0.87\webapps\ROOT]ì— ëŒ€í•œ ë°°ì¹˜ê°€ [371] ë°€ë¦¬ì´ˆì— ì™„ë£Œë˜ì—ˆìŠµë‹ˆë‹¤.
13-Apr-2024 10:09:55.747 INFO [main] org.apache.coyote.AbstractProtocol.start í”„ë¡œí† ì½œ í•¸ë“¤ëŸ¬ ["http-nio-8080"]ì„(ë¥¼) ì‹œì‘í•©ë‹ˆë‹¤.
13-Apr-2024 10:09:55.915 INFO [main] org.apache.catalina.startup.Catalina.start ì„œë²„ê°€ [3281] ë°€ë¦¬ì´ˆ ë‚´ì— ì‹œì‘ë˜ì—ˆìŠµë‹ˆë‹¤.
java.sql.SQLIntegrityConstraintViolationException: ORA-01400: NULLÀ» ("C##SCOT"."USER_TBL"."USER_ID") ¾È¿¡ »ğÀÔÇÒ ¼ö ¾ø½À´Ï´Ù

https://docs.oracle.com/error-help/db/ora-01400/
	at oracle.jdbc.driver.T4CTTIoer11.processError(T4CTTIoer11.java:702)
	at oracle.jdbc.driver.T4CTTIoer11.processError(T4CTTIoer11.java:608)
	at oracle.jdbc.driver.T4C8Oall.processError(T4C8Oall.java:1277)
	at oracle.jdbc.driver.T4CTTIfun.receive(T4CTTIfun.java:1102)
	at oracle.jdbc.driver.T4CTTIfun.doRPC(T4CTTIfun.java:456)
	at oracle.jdbc.driver.T4C8Oall.doOALL(T4C8Oall.java:482)
	at oracle.jdbc.driver.T4CPreparedStatement.doOall8(T4CPreparedStatement.java:259)
	at oracle.jdbc.driver.T4CPreparedStatement.executeForRows(T4CPreparedStatement.java:1207)
	at oracle.jdbc.driver.OracleStatement.executeSQLStatement(OracleStatement.java:1652)
	at oracle.jdbc.driver.OracleStatement.doExecuteWithTimeout(OracleStatement.java:1417)
	at oracle.jdbc.driver.OraclePreparedStatement.executeInternal(OraclePreparedStatement.java:3731)
	at oracle.jdbc.driver.OraclePreparedStatement.executeLargeUpdate(OraclePreparedStatement.java:3912)
	at oracle.jdbc.driver.OraclePreparedStatement.executeUpdate(OraclePreparedStatement.java:3887)
	at oracle.jdbc.driver.OraclePreparedStatementWrapper.executeUpdate(OraclePreparedStatementWrapper.java:993)
	at org.apache.jsp.conn_jsp._jspService(conn_jsp.java:147)
	at org.apache.jasper.runtime.HttpJspBase.service(HttpJspBase.java:70)
	at javax.servlet.http.HttpServlet.service(HttpServlet.java:623)
	at org.apache.jasper.servlet.JspServletWrapper.service(JspServletWrapper.java:466)
	at org.apache.jasper.servlet.JspServlet.serviceJspFile(JspServlet.java:379)
	at org.apache.jasper.servlet.JspServlet.service(JspServlet.java:327)
	at javax.servlet.http.HttpServlet.service(HttpServlet.java:623)
	at org.apache.catalina.core.ApplicationFilterChain.internalDoFilter(ApplicationFilterChain.java:210)
	at org.apache.catalina.core.ApplicationFilterChain.doFilter(ApplicationFilterChain.java:154)
	at org.apache.tomcat.websocket.server.WsFilter.doFilter(WsFilter.java:51)
	at org.apache.catalina.core.ApplicationFilterChain.internalDoFilter(ApplicationFilterChain.java:179)
	at org.apache.catalina.core.ApplicationFilterChain.doFilter(ApplicationFilterChain.java:154)
	at org.apache.catalina.core.StandardWrapperValve.invoke(StandardWrapperValve.java:168)
	at org.apache.catalina.core.StandardContextValve.invoke(StandardContextValve.java:90)
	at org.apache.catalina.authenticator.AuthenticatorBase.invoke(AuthenticatorBase.java:481)
	at org.apache.catalina.core.StandardHostValve.invoke(StandardHostValve.java:130)
	at org.apache.catalina.valves.ErrorReportValve.invoke(ErrorReportValve.java:93)
	at org.apache.catalina.valves.AbstractAccessLogValve.invoke(AbstractAccessLogValve.java:670)
	at org.apache.catalina.core.StandardEngineValve.invoke(StandardEngineValve.java:74)
	at org.apache.catalina.connector.CoyoteAdapter.service(CoyoteAdapter.java:346)
	at org.apache.coyote.http11.Http11Processor.service(Http11Processor.java:390)
	at org.apache.coyote.AbstractProcessorLight.process(AbstractProcessorLight.java:63)
	at org.apache.coyote.AbstractProtocol$ConnectionHandler.process(AbstractProtocol.java:928)
	at org.apache.tomcat.util.net.NioEndpoint$SocketProcessor.doRun(NioEndpoint.java:1786)
	at org.apache.tomcat.util.net.SocketProcessorBase.run(SocketProcessorBase.java:52)
	at org.apache.tomcat.util.threads.ThreadPoolExecutor.runWorker(ThreadPoolExecutor.java:1191)
	at org.apache.tomcat.util.threads.ThreadPoolExecutor$Worker.run(ThreadPoolExecutor.java:659)
	at org.apache.tomcat.util.threads.TaskThread$WrappingRunnable.run(TaskThread.java:63)
	at java.base/java.lang.Thread.run(Thread.java:834)
Caused by: Error : 1400, Position : 60, SQL = INSERT INTO user_tbl (user_id, username, password) VALUES (:1 , :2 , :3 ), Original SQL = INSERT INTO user_tbl (user_id, username, password) VALUES (?, ?, ?), Error Message = ORA-01400: NULLÀ» ("C##SCOT"."USER_TBL"."USER_ID") ¾È¿¡ »ğÀÔÇÒ ¼ö ¾ø½À´Ï´Ù

	at oracle.jdbc.driver.T4CTTIoer11.processError(T4CTTIoer11.java:710)
	... 42 more
13-Apr-2024 10:20:19.846 INFO [main] org.apache.catalina.core.StandardServer.await ì…§ë‹¤ìš´ í¬íŠ¸ë¥¼ í†µí•´ ìœ íš¨í•œ ì…§ë‹¤ìš´ ëª…ë ¹ì„ ë°›ì•˜ìŠµë‹ˆë‹¤. ì„œë²„ ì¸ìŠ¤í„´ìŠ¤ë¥¼ ì¤‘ì§€ì‹œí‚µë‹ˆë‹¤.
13-Apr-2024 10:20:19.846 INFO [main] org.apache.coyote.AbstractProtocol.pause í”„ë¡œí† ì½œ í•¸ë“¤ëŸ¬ ["http-nio-8080"]ì„(ë¥¼) ì¼ì‹œ ì •ì§€ ì¤‘
13-Apr-2024 10:20:19.984 INFO [main] org.apache.catalina.core.StandardService.stopInternal ì„œë¹„ìŠ¤ [Catalina]ì„(ë¥¼) ì¤‘ì§€ì‹œí‚µë‹ˆë‹¤.
13-Apr-2024 10:20:19.995 WARNING [main] org.apache.catalina.loader.WebappClassLoaderBase.clearReferencesThreads ì›¹ ì• í”Œë¦¬ì¼€ì´ì…˜ [ROOT]ì´(ê°€) [oracle.jdbc.diagnostics.Diagnostic.CLOCK](ì´)ë¼ëŠ” ì´ë¦„ì˜ ì“°ë ˆë“œë¥¼ ì‹œì‘ì‹œí‚¨ ê²ƒìœ¼ë¡œ ë³´ì´ì§€ë§Œ, í•´ë‹¹ ì“°ë ˆë“œë¥¼ ì¤‘ì§€ì‹œí‚¤ì§€ ëª»í–ˆìŠµë‹ˆë‹¤. ì´ëŠ” ë©”ëª¨ë¦¬ ëˆ„ìˆ˜ë¥¼ ìœ ë°œí•  ê°€ëŠ¥ì„±ì´ í½ë‹ˆë‹¤. í•´ë‹¹ ì“°ë ˆë“œì˜ ìŠ¤íƒ íŠ¸ë ˆì´ìŠ¤:
 java.base@11.0.19/java.lang.Object.wait(Native Method)
 java.base@11.0.19/java.util.TimerThread.mainLoop(Timer.java:553)
 java.base@11.0.19/java.util.TimerThread.run(Timer.java:506)
13-Apr-2024 10:20:19.996 WARNING [main] org.apache.catalina.loader.WebappClassLoaderBase.clearReferencesThreads ì›¹ ì• í”Œë¦¬ì¼€ì´ì…˜ [ROOT]ì´(ê°€) [oracle.jdbc.driver.BlockSource.ThreadedCachingBlockSource.BlockReleaser](ì´)ë¼ëŠ” ì´ë¦„ì˜ ì“°ë ˆë“œë¥¼ ì‹œì‘ì‹œí‚¨ ê²ƒìœ¼ë¡œ ë³´ì´ì§€ë§Œ, í•´ë‹¹ ì“°ë ˆë“œë¥¼ ì¤‘ì§€ì‹œí‚¤ì§€ ëª»í–ˆìŠµë‹ˆë‹¤. ì´ëŠ” ë©”ëª¨ë¦¬ ëˆ„ìˆ˜ë¥¼ ìœ ë°œí•  ê°€ëŠ¥ì„±ì´ í½ë‹ˆë‹¤. í•´ë‹¹ ì“°ë ˆë“œì˜ ìŠ¤íƒ íŠ¸ë ˆì´ìŠ¤:
 java.base@11.0.19/jdk.internal.misc.Unsafe.park(Native Method)
 java.base@11.0.19/java.util.concurrent.locks.LockSupport.parkNanos(LockSupport.java:234)
 java.base@11.0.19/java.util.concurrent.locks.AbstractQueuedSynchronizer$ConditionObject.awaitNanos(AbstractQueuedSynchronizer.java:2123)
 oracle.jdbc.internal.Monitor$WaitableMonitor.monitorWait(Monitor.java:305)
 oracle.jdbc.internal.Monitor$WaitableMonitor.monitorWait(Monitor.java:287)
 oracle.jdbc.driver.BlockSource$ThreadedCachingBlockSource$BlockReleaser.run(BlockSource.java:346)
13-Apr-2024 10:20:19.996 WARNING [main] org.apache.catalina.loader.WebappClassLoaderBase.clearReferencesThreads ì›¹ ì• í”Œë¦¬ì¼€ì´ì…˜ [ROOT]ì´(ê°€) [InterruptTimer](ì´)ë¼ëŠ” ì´ë¦„ì˜ ì“°ë ˆë“œë¥¼ ì‹œì‘ì‹œí‚¨ ê²ƒìœ¼ë¡œ ë³´ì´ì§€ë§Œ, í•´ë‹¹ ì“°ë ˆë“œë¥¼ ì¤‘ì§€ì‹œí‚¤ì§€ ëª»í–ˆìŠµë‹ˆë‹¤. ì´ëŠ” ë©”ëª¨ë¦¬ ëˆ„ìˆ˜ë¥¼ ìœ ë°œí•  ê°€ëŠ¥ì„±ì´ í½ë‹ˆë‹¤. í•´ë‹¹ ì“°ë ˆë“œì˜ ìŠ¤íƒ íŠ¸ë ˆì´ìŠ¤:
 java.base@11.0.19/java.lang.Object.wait(Native Method)
 java.base@11.0.19/java.util.TimerThread.mainLoop(Timer.java:553)
 java.base@11.0.19/java.util.TimerThread.run(Timer.java:506)
13-Apr-2024 10:20:20.020 INFO [main] org.apache.coyote.AbstractProtocol.stop í”„ë¡œí† ì½œ í•¸ë“¤ëŸ¬ ["http-nio-8080"]ì„(ë¥¼) ì¤‘ì§€ì‹œí‚µë‹ˆë‹¤.
13-Apr-2024 10:20:20.030 INFO [main] org.apache.coyote.AbstractProtocol.destroy í”„ë¡œí† ì½œ í•¸ë“¤ëŸ¬ ["http-nio-8080"]ì„(ë¥¼) ì†Œë©¸ì‹œí‚µë‹ˆë‹¤.
